<?xml version="1.0" encoding="UTF-8"?>
<!-- Generated by org.testng.reporters.JUnitReportReporter -->
<testsuite hostname="sunil" failures="0" tests="1" name="emailError.DWS_EmailFriend_08_Test" time="4.041" errors="0" timestamp="2023-11-04T11:40:25 IST" skipped="0">
  <testcase classname="emailError.DWS_EmailFriend_08_Test" name="CaptureErrorMsgbyEmailingFriend" time="4.041"/>
  <system-out/>
</testsuite> <!-- emailError.DWS_EmailFriend_08_Test -->
