<?xml version="1.0" encoding="UTF-8"?>
<!-- Generated by org.testng.reporters.JUnitReportReporter -->
<testsuite hostname="sunil" failures="0" tests="1" name="frameworkWorkCheck.DWS_Jewellery_07_Test" time="2.282" errors="0" timestamp="2023-11-02T11:49:34 IST" skipped="0">
  <testcase classname="frameworkWorkCheck.DWS_Jewellery_07_Test" name="compare_Jewellery_Price" time="2.282"/>
  <system-out/>
</testsuite> <!-- frameworkWorkCheck.DWS_Jewellery_07_Test -->
