<?xml version="1.0" encoding="UTF-8"?>
<!-- Generated by org.testng.reporters.JUnitReportReporter -->
<testsuite hostname="sunil" failures="0" tests="1" name="frameworkWorkCheck.DWS_Compare_05_Test" time="27.939" errors="0" timestamp="2023-11-02T11:11:13 IST" skipped="0">
  <testcase classname="frameworkWorkCheck.DWS_Compare_05_Test" name="comapare_two_products" time="27.939"/>
  <system-out/>
</testsuite> <!-- frameworkWorkCheck.DWS_Compare_05_Test -->
