<?xml version="1.0" encoding="UTF-8"?>
<!-- Generated by org.testng.reporters.JUnitReportReporter -->
<testsuite hostname="sunil" failures="0" tests="1" name="login.DWS_Login_01_Test" time="9.910" errors="0" timestamp="2023-11-03T14:25:24 IST" skipped="0">
  <testcase classname="login.DWS_Login_01_Test" name="login_to_application" time="9.910"/>
  <system-out/>
</testsuite> <!-- login.DWS_Login_01_Test -->
