<?xml version="1.0" encoding="UTF-8"?>
<!-- Generated by org.testng.reporters.JUnitReportReporter -->
<testsuite hostname="sunil" failures="0" tests="1" name="productToCart.DWS_addProductToCart_03_Test" time="4.623" errors="0" timestamp="2023-11-04T11:39:18 IST" skipped="0">
  <testcase classname="productToCart.DWS_addProductToCart_03_Test" name="addProductToCart" time="4.623"/>
  <system-out/>
</testsuite> <!-- productToCart.DWS_addProductToCart_03_Test -->
