<?xml version="1.0" encoding="UTF-8"?>
<!-- Generated by org.testng.reporters.JUnitReportReporter -->
<testsuite hostname="sunil" failures="0" tests="1" name="removeCart.DWS_RemoveCart_06_Test" time="39.899" errors="0" timestamp="2023-11-02T15:06:55 IST" skipped="0">
  <testcase classname="removeCart.DWS_RemoveCart_06_Test" name="removeproductfromcart" time="39.899"/>
  <system-out/>
</testsuite> <!-- removeCart.DWS_RemoveCart_06_Test -->
