<?xml version="1.0" encoding="UTF-8"?>
<!-- Generated by org.testng.reporters.JUnitReportReporter -->
<testsuite hostname="sunil" failures="0" tests="1" name="frameworkWorkCheck.DWS_AddBookToCart_04_Test" time="7.590" errors="0" timestamp="2023-11-02T11:09:53 IST" skipped="0">
  <testcase classname="frameworkWorkCheck.DWS_AddBookToCart_04_Test" name="addBookToCart" time="7.590"/>
  <system-out/>
</testsuite> <!-- frameworkWorkCheck.DWS_AddBookToCart_04_Test -->
