<?xml version="1.0" encoding="UTF-8"?>
<!-- Generated by org.testng.reporters.JUnitReportReporter -->
<testsuite hostname="sunil" failures="0" tests="1" name="frameworkWorkCheck.DWS_RemoveCart_06_Test" time="46.145" errors="0" timestamp="2023-11-02T12:32:48 IST" skipped="0">
  <testcase classname="frameworkWorkCheck.DWS_RemoveCart_06_Test" name="removeproductfromcart" time="46.145"/>
  <system-out/>
</testsuite> <!-- frameworkWorkCheck.DWS_RemoveCart_06_Test -->
