<?xml version="1.0" encoding="UTF-8"?>
<!-- Generated by org.testng.reporters.JUnitReportReporter -->
<testsuite hostname="sunil" failures="0" tests="2" name="frameworkWorkCheck.ExcelUtilityCheck" time="0.013" errors="0" timestamp="2023-10-27T14:12:07 IST" skipped="0">
  <testcase classname="frameworkWorkCheck.ExcelUtilityCheck" name="read" time="0.011"/>
  <system-out/>
  <testcase classname="frameworkWorkCheck.ExcelUtilityCheck" name="read" time="0.002"/>
  <system-out/>
</testsuite> <!-- frameworkWorkCheck.ExcelUtilityCheck -->
