<?xml version="1.0" encoding="UTF-8"?>
<!-- Generated by org.testng.reporters.JUnitReportReporter -->
<testsuite hostname="sunil" failures="0" tests="1" name="removeWishList.DWS_RemoveWishList_10_Test" time="3.545" errors="0" timestamp="2023-11-10T12:35:37 IST" skipped="0">
  <testcase classname="removeWishList.DWS_RemoveWishList_10_Test" name="removefromWishList" time="3.545"/>
  <system-out/>
</testsuite> <!-- removeWishList.DWS_RemoveWishList_10_Test -->
