<?xml version="1.0" encoding="UTF-8"?>
<!-- Generated by org.testng.reporters.JUnitReportReporter -->
<testsuite hostname="sunil" failures="0" tests="1" name="frameworkWorkCheck.DWS_addProductToCart_03_Test" time="5.695" errors="0" timestamp="2023-11-02T11:10:22 IST" skipped="0">
  <testcase classname="frameworkWorkCheck.DWS_addProductToCart_03_Test" name="addProductToCart" time="5.695"/>
  <system-out/>
</testsuite> <!-- frameworkWorkCheck.DWS_addProductToCart_03_Test -->
