<?xml version="1.0" encoding="UTF-8"?>
<!-- Generated by org.testng.reporters.JUnitReportReporter -->
<testsuite hostname="sunil" failures="0" tests="1" name="productToCart.DWS_addProductToCart_03_Test" time="3.481" errors="0" timestamp="2023-11-09T11:32:13 IST" skipped="0">
  <testcase classname="productToCart.DWS_addProductToCart_03_Test" name="addProductToCart" time="3.481"/>
  <system-out/>
</testsuite> <!-- productToCart.DWS_addProductToCart_03_Test -->
