<?xml version="1.0" encoding="UTF-8"?>
<!-- Generated by org.testng.reporters.JUnitReportReporter -->
<testsuite hostname="sunil" failures="0" tests="1" name="wishList.DWS_WishList_09_Test" time="3.588" errors="0" timestamp="2023-11-03T14:09:02 IST" skipped="0">
  <testcase classname="wishList.DWS_WishList_09_Test" name="addproductToWishList" time="3.588"/>
  <system-out/>
</testsuite> <!-- wishList.DWS_WishList_09_Test -->
