<?xml version="1.0" encoding="UTF-8"?>
<!-- Generated by org.testng.reporters.JUnitReportReporter -->
<testsuite hostname="sunil" failures="0" tests="1" name="jewellery.DWS_Jewellery_07_Test" time="2.327" errors="0" timestamp="2023-11-03T14:53:59 IST" skipped="0">
  <testcase classname="jewellery.DWS_Jewellery_07_Test" name="compare_Jewellery_Price" time="2.327"/>
  <system-out/>
</testsuite> <!-- jewellery.DWS_Jewellery_07_Test -->
