<?xml version="1.0" encoding="UTF-8"?>
<!-- Generated by org.testng.reporters.JUnitReportReporter -->
<testsuite hostname="sunil" failures="0" tests="1" name="frameworkWorkCheck.DWS_Register_02_Test" time="3.218" errors="0" timestamp="2023-11-02T11:06:52 IST" skipped="0">
  <testcase classname="frameworkWorkCheck.DWS_Register_02_Test" name="userRegisteration" time="3.218"/>
  <system-out/>
</testsuite> <!-- frameworkWorkCheck.DWS_Register_02_Test -->
