<?xml version="1.0" encoding="UTF-8"?>
<!-- Generated by org.testng.reporters.JUnitReportReporter -->
<testsuite hostname="sunil" failures="0" tests="2" name="frameworkWorkCheck.EntireFrameworkCheck$ExcelUtilityCheck" time="0.021" errors="0" timestamp="2023-10-31T09:16:23 IST" skipped="0">
  <testcase classname="frameworkWorkCheck.EntireFrameworkCheck$ExcelUtilityCheck" name="read" time="0.002"/>
  <system-out/>
  <testcase classname="frameworkWorkCheck.EntireFrameworkCheck$ExcelUtilityCheck" name="read" time="0.019"/>
  <system-out/>
</testsuite> <!-- frameworkWorkCheck.EntireFrameworkCheck$ExcelUtilityCheck -->
