<?xml version="1.0" encoding="UTF-8"?>
<!-- Generated by org.testng.reporters.JUnitReportReporter -->
<testsuite hostname="sunil" failures="0" tests="1" name="register.DWS_Register_02_Test" time="3.882" errors="0" timestamp="2023-11-02T15:13:35 IST" skipped="0">
  <testcase classname="register.DWS_Register_02_Test" name="userRegisteration" time="3.882"/>
  <system-out/>
</testsuite> <!-- register.DWS_Register_02_Test -->
